[10:56:05.586] [INFO] Storybook Upgrade - v9.0.15
[10:56:05.703] [INFO] detect-projects-spinner-start: Detecting projects...
[10:56:05.706] [DEBUG] Finding Storybook projects...
[10:56:05.788] [DEBUG] Found 1 Storybook projects
[10:56:05.789] [INFO] detect-projects-spinner: Detecting projects: 1 projects
[10:56:05.790] [DEBUG] Getting Storybook data...
[10:56:05.790] [DEBUG] Getting Storybook info...
[10:56:05.792] [DEBUG] Loading main config...
[10:56:05.971] [DEBUG] Getting stories paths...
[10:56:06.020] [DEBUG] Getting package manager...
[10:56:07.012] [DEBUG] Getting Storybook version...
[10:56:07.012] [DEBUG] C:/oh/once-ui/.storybook - Validating before version... 9.0.15
[10:56:07.013] [DEBUG] C:/oh/once-ui/.storybook - Validating upgrade compatibility...
[10:56:07.013] [DEBUG] C:/oh/once-ui/.storybook - Fetching NPM version information...
[10:56:07.013] [DEBUG] Getting CLI versions from NPM for storybook...
[10:56:07.026] [DEBUG] Getting CLI versions from NPM for storybook@next...
[10:56:09.752] [DEBUG] C:/oh/once-ui/.storybook - Evaluating blockers...
[10:56:09.758] [DEBUG] Getting installed version for @storybook/experimental-addon-test...
[10:56:13.880] [DEBUG] An issue occurred while trying to find dependencies metadata using npm.
[10:56:13.880] [INFO] detect-projects-spinner-stop: 1 project detected
[10:56:13.881] [DEBUG] Found 1 valid projects and 0 error projects
[10:56:13.881] [INFO] Upgrading from 9.0.15 to 9.0.15
[10:56:14.046] [INFO] upgrade-dependencies-task-start: Fetching versions to update package.json files..
[10:56:14.046] [DEBUG] Updating dependencies in C:/oh/once-ui/.storybook...
[10:56:14.160] [INFO] upgrade-dependencies-task: \package.json
[10:56:14.162] [DEBUG] {
  "upgradedDependencies": []
}
[10:56:14.162] [DEBUG] {
  "upgradedDevDependencies": [
    "@storybook/addon-links@^9.0.15",
    "@storybook/angular@^9.0.15",
    "eslint-plugin-storybook@^9.0.15",
    "storybook@^9.0.15"
  ]
}
[10:56:14.162] [DEBUG] {
  "upgradedPeerDependencies": []
}
[10:56:14.172] [DEBUG] Getting CLI versions from NPM for @storybook/addon-links...
[10:56:18.337] [DEBUG] Getting CLI versions from NPM for @storybook/angular...
[10:56:20.907] [DEBUG] Getting CLI versions from NPM for eslint-plugin-storybook...
[10:56:22.763] [DEBUG] Using cached version for storybook...
[10:56:22.771] [INFO] upgrade-dependencies-task-success: Updated package versions in package.json files
[10:56:22.772] [INFO] detect-automigrations-task-start: Detecting automigrations...
[10:56:22.772] [DEBUG] Starting automigration collection across 1 projects and 15 fixes...
[10:56:22.876] [INFO] detect-automigrations-task: Checking automigrations for C:/oh/once-ui/.storybook...
[10:56:22.876] [DEBUG] Processing project: C:/oh/once-ui/.storybook
[10:56:22.876] [DEBUG] Checking fix eslintPlugin for project C:/oh/once-ui/.storybook...
[10:56:22.887] [DEBUG] Checking fix addon-mdx-gfm-remove for project C:/oh/once-ui/.storybook...
[10:56:22.889] [DEBUG] Checking fix addon-storysource-code-panel for project C:/oh/once-ui/.storybook...
[10:56:22.889] [DEBUG] Checking fix upgrade-storybook-related-dependencies for project C:/oh/once-ui/.storybook...
[10:56:22.889] [DEBUG] Checking for incompatible storybook packages...
[10:56:22.891] [DEBUG] Getting installed version for @storybook/addon-essentials...
[10:56:27.276] [DEBUG] An issue occurred while trying to find dependencies metadata using npm.
[10:56:27.276] [DEBUG] Getting CLI versions from NPM for @storybook/addon-essentials...
[10:56:29.468] [DEBUG] Checking fix initial-globals for project C:/oh/once-ui/.storybook...
[10:56:29.490] [DEBUG] Checking fix addon-a11y-addon-test for project C:/oh/once-ui/.storybook...
[10:56:29.490] [DEBUG] Checking fix consolidated-imports for project C:/oh/once-ui/.storybook...
[10:56:29.492] [DEBUG] Checking fix addon-experimental-test for project C:/oh/once-ui/.storybook...
[10:56:29.492] [DEBUG] Using cached installed version for @storybook/experimental-addon-test...
[10:56:29.492] [DEBUG] Checking fix rnstorybook-config for project C:/oh/once-ui/.storybook...
[10:56:29.493] [DEBUG] Checking fix remove-addon-interactions for project C:/oh/once-ui/.storybook...
[10:56:29.494] [DEBUG] Checking fix renderer-to-framework for project C:/oh/once-ui/.storybook...
[10:56:29.495] [DEBUG] Checking fix remove-essential-addons for project C:/oh/once-ui/.storybook...
[10:56:29.496] [DEBUG] Checking fix addon-a11y-parameters for project C:/oh/once-ui/.storybook...
[10:56:29.497] [DEBUG] Checking fix remove-docs-autodocs for project C:/oh/once-ui/.storybook...
[10:56:29.501] [DEBUG] Checking fix wrap-require for project C:/oh/once-ui/.storybook...
[10:56:29.627] [INFO] detect-automigrations-task: 
Automigrations detected:
[10:56:29.627] [INFO] detect-automigrations-task-success: No automigrations detected
[10:56:29.628] [DEBUG] Completed automigrations for C:/oh/once-ui/.storybook
[10:56:29.629] [INFO] Installing dependencies...
[10:56:29.629] [INFO] install-dependencies-task-start: Installing dependencies...
[10:59:18.658] [INFO] added 1613 packages, and audited 1614 packages in 3m
[10:59:18.864] [INFO] install-dependencies-task: added 1613 packages, and audited 1614 packages in 3m
[10:59:18.867] [INFO] 324 packages are looking for funding
  run `npm fund` for details

found 0 vulnerabilities
[10:59:19.115] [INFO] install-dependencies-task: 324 packages are looking for funding
run `npm fund` for details

found 0 vulnerabilities
[10:59:19.116] [INFO] Dependencies installed
[10:59:19.116] [INFO] install-dependencies-task-success: Dependencies installed
[10:59:19.118] [INFO] Checking the health of your project(s)..
[10:59:27.608] [WARN] C:/oh/once-ui/.storybook: 1 issue found
[10:59:27.730] [INFO] You are currently using Storybook 9.0.15 but you have packages which are incompatible with it:

- @storybook/addon-essentials@8.6.14 which depends on 8.6.14
 Repo: https://github.com/storybookjs/storybook/tree/next/code/addons/essentials

Please consider updating your packages or contacting the maintainers for compatibility details.

For more on Storybook 9 compatibility, see the linked GitHub issue:
https://github.com/storybookjs/storybook/issues/30944
[10:59:27.730] [INFO] Incompatible Packages
[10:59:27.857] [INFO] You are currently using Storybook 9.0.15 but you have packages which are incompatible with it:

- @storybook/addon-essentials@8.6.14 which depends on 8.6.14
 Repo: https://github.com/storybookjs/storybook/tree/next/code/addons/essentials

Please consider updating your packages or contacting the maintainers for compatibility details.

For more on Storybook 9 compatibility, see the linked GitHub issue:
https://github.com/storybookjs/storybook/issues/30944
[10:59:28.003] [INFO] Storybook doctor is complete!
[10:59:28.148] [INFO] You can always recheck the health of your project(s) by running:
npx storybook doctor
[10:59:28.313] [INFO] The upgrade is complete!
[10:59:28.465] [INFO] Your project(s) have been upgraded successfully, but some issues were found which need your attention, please check Storybook doctor logs above.
[10:59:28.622] [INFO] For a full list of changes, please check our migration guide: https://storybook.js.org/docs/migration-guide