🔎 checking possible migrations..

🔎 found a 'eslintPlugin' migration:
╭ Automigration detected ──────────────────────────────────────────────────────────────────────────────────────────────────────────────╮
│                                                                                                                                      │
│   We've detected you are not using our eslint-plugin.                                                                                │
│                                                                                                                                      │
│   In order to have the best experience with Storybook and follow best practices, we advise you to install eslint-plugin-storybook.   │
│                                                                                                                                      │
│   More info: https://github.com/storybookjs/eslint-plugin-storybook#readme                                                           │
│                                                                                                                                      │
╰──────────────────────────────────────────────────────────────────────────────────────────────────────────────────────────────────────╯
? Do you want to run the 'eslintPlugin' migration on your project? » (Y/n)√ Do you want to run the 'eslintPlugin' migration on your project? ... yes
✅ Adding dependencies: eslint-plugin-storybook
    Configuring Storybook ESLint plugin at .eslintrc.json
❌ error when running eslintPlugin migration
SyntaxError: .eslintrc.json: Unexpected token / in JSON at position 1027
    at JSON.parse (<anonymous>)
    at _readFile (C:\Users\siddharth.shahi_once\AppData\Local\npm-cache\_npx\bc7e1e37fcb46ffc\node_modules\jsonfile\index.js:25:16)
    at async configureEslintPlugin (C:\Users\siddharth.shahi_once\AppData\Local\npm-cache\_npx\bc7e1e37fcb46ffc\node_modules\@storybook\cli\dist\generate.js:51:6742)
    at async Object.run (C:\Users\siddharth.shahi_once\AppData\Local\npm-cache\_npx\bc7e1e37fcb46ffc\node_modules\@storybook\cli\dist\generate.js:159:25)
    at async runFixes (C:\Users\siddharth.shahi_once\AppData\Local\npm-cache\_npx\bc7e1e37fcb46ffc\node_modules\@storybook\cli\dist\generate.js:363:1144)
    at async automigrate (C:\Users\siddharth.shahi_once\AppData\Local\npm-cache\_npx\bc7e1e37fcb46ffc\node_modules\@storybook\cli\dist\generate.js:358:676)
    at async doUpgrade (C:\Users\siddharth.shahi_once\AppData\Local\npm-cache\_npx\bc7e1e37fcb46ffc\node_modules\@storybook\cli\dist\generate.js:390:3418)
    at async withTelemetry (C:\Users\siddharth.shahi_once\AppData\Local\npm-cache\_npx\bc7e1e37fcb46ffc\node_modules\@storybook\core-server\dist\index.js:36:3620)
    at async upgrade (C:\Users\siddharth.shahi_once\AppData\Local\npm-cache\_npx\bc7e1e37fcb46ffc\node_modules\@storybook\cli\dist\generate.js:390:3864)


🔎 found a 'storybook-binary' migration:
╭ Automigration detected ────────────────────────────────────────────────────────────────────────────────────────────────────────────────────╮
│                                                                                                                                            │
│   We've detected you are using Storybook 7.0.21 without Storybook's storybook binary. Starting in Storybook 7.0, it has to be installed.   │
│                                                                                                                                            │
│                                                                                                                                            │
│   More info: https://github.com/storybookjs/storybook/blob/next/MIGRATION.md#start-storybook--build-storybook-binaries-removed             │
│                                                                                                                                            │
╰────────────────────────────────────────────────────────────────────────────────────────────────────────────────────────────────────────────╯
? Do you want to run the 'storybook-binary' migration on your project? » (Y/n)√ Do you want to run the 'storybook-binary' migration on your project? ... yes

✅ Adding 'storybook' as dev dependency

✅ ran storybook-binary migration

🔎 found a 'sb-scripts' migration:
╭ Automigration detected ───────────────────────────────────────────────────────────────────────────────────────────────────────────────────────╮
│                                                                                                                                               │
│   We've detected you are using Storybook 7.0.21 with scripts from previous versions of Storybook.                                             │
│   Starting in Storybook 7, the start-storybook and build-storybook binaries have changed to storybook dev and storybook build respectively.   │
│   In order to work with Storybook 7.0.21, your storybook scripts have to be adjusted to use the binary. We can adjust them for you:           │
│                                                                                                                                               │
│   build-storybook                                                                                                                             │
│   from:                                                                                                                                       │
│   npm run docs:json && build-storybook                                                                                                        │
│   to:                                                                                                                                         │
│   npm run docs:json && storybook build                                                                                                        │
│                                                                                                                                               │
│   storybook                                                                                                                                   │
│   from:                                                                                                                                       │
│   npm run docs:json && start-storybook -p 6006                                                                                                │
│   to:                                                                                                                                         │
│   npm run docs:json && storybook dev -p 6006                                                                                                  │
│                                                                                                                                               │
│   In case this migration did not cover all of your scripts, or you'd like more info:                                                          │
│   https://github.com/storybookjs/storybook/blob/next/MIGRATION.md#start-storybook--build-storybook-binaries-removed                           │
│                                                                                                                                               │
╰───────────────────────────────────────────────────────────────────────────────────────────────────────────────────────────────────────────────╯
? Do you want to run the 'sb-scripts' migration on your project? » (Y/n)√ Do you want to run the 'sb-scripts' migration on your project? ... yes
✅ Updating scripts in package.json


✅ ran sb-scripts migration

🔎 found a 'new-frameworks' migration:
╭ Automigration detected ──────────────────────────────────────────────────────────────────────────────────────────────────────────────────────────────────────────────────────────────────╮
│                                                                                                                                                                                          │
│   We've detected your project is not fully setup with Storybook's 7 new framework format.                                                                                                │
│                                                                                                                                                                                          │
│   Storybook 7 introduced the concept of frameworks, which abstracts configuration for renderers (e.g. React, Vue), builders (e.g. Webpack, Vite) and defaults to make integrations       │
│   easier.                                                                                                                                                                                │
│                                                                                                                                                                                          │
│   Your project should be updated to use Storybook's framework: @storybook/angular. We can attempt to do this for you automatically.                                                      │
│                                                                                                                                                                                          │
│   Here are the steps this migration will do to migrate your project:                                                                                                                     │
│   - Remove the following dependencies:                                                                                                                                                   │
│   - * @storybook/builder-webpack5                                                                                                                                                        │
│   - * @storybook/manager-webpack5                                                                                                                                                        │
│   - Update or specify the framework field in .storybook\main.js with the value of "@storybook/angular".                                                                                  │
│   - Remove the core.builder field in .storybook\main.js.                                                                                                                                 │
│                                                                                                                                                                                          │
│                                                                                                                                                                                          │
│   To learn more about the new framework format, see: https://github.com/storybookjs/storybook/blob/next/MIGRATION.md#new-framework-api                                                   │
│                                                                                                                                                                                          │
╰──────────────────────────────────────────────────────────────────────────────────────────────────────────────────────────────────────────────────────────────────────────────────────────╯
? Do you want to run the 'new-frameworks' migration on your project? » (Y/n)√ Do you want to run the 'new-frameworks' migration on your project? ... yes
✅ Removing dependencies: @storybook/builder-webpack5, @storybook/manager-webpack5
✅ Updating main.js
✅ Updating "framework" field
✅ Removing "core.builder" field
✅ Removing "core" field
✅ ran new-frameworks migration

🔎 found a 'mdx1to2' migration:
╭ Automigration detected ──────────────────────────────────────────────────────────────────────────────────────────╮
│                                                                                                                  │
│   We've found 17 '.stories.mdx' files in your project.                                                           │
│                                                                                                                  │
│   Storybook has upgraded to MDX2 (https://mdxjs.com/blog/v2/), which contains breaking changes from MDX1.        │
│   We can try to automatically upgrade your MDX files to MDX2 format using some common patterns.                  │
│                                                                                                                  │
│   After this install completes, and before you start Storybook, we strongly recommend reading the MDX2 section   │
│   of the 7.0 migration guide. It contains useful tools for detecting and fixing any remaining issues.            │
│                                                                                                                  │
│   https://storybook.js.org/migration-guides/7.0                                                                  │
│                                                                                                                  │
╰──────────────────────────────────────────────────────────────────────────────────────────────────────────────────╯
? Do you want to run the 'mdx1to2' migration on your project? » (Y/n)√ Do you want to run the 'mdx1to2' migration on your project? ... yes
🆗 Unmodified autocomplete.stories.mdx
🆗 Unmodified button.stories.mdx
🆗 Unmodified dialog.stories.mdx
🆗 Unmodified form-field.stories.mdx
🆗 Unmodified icon.stories.mdx
🆗 Unmodified menu.stories.mdx
🆗 Unmodified checkbox.stories.mdx
🆗 Unmodified panel.stories.mdx
🆗 Unmodified progress-bar.stories.mdx
🆗 Unmodified radio.stories.mdx
🆗 Unmodified progress-spinner.stories.mdx
🆗 Unmodified scrollbar.stories.mdx
🆗 Unmodified table.stories.mdx
🆗 Unmodified select.stories.mdx
🆗 Unmodified slide-toggle.stories.mdx
🆗 Unmodified tooltip.stories.mdx
🆗 Unmodified textarea.stories.mdx
✅ ran mdx1to2 migration

🔎 found a 'github-flavored-markdown-mdx' migration:
╭ Automigration detected ────────────────────────────────────────────────────────────────────────────────────────────────────────────────────────╮
│                                                                                                                                                │
│   In MDX1 you had the option of using GitHub flavored markdown.                                                                                │
│                                                                                                                                                │
│   Storybook 7.0 uses MDX2 for compiling MDX, and thus no longer supports GFM out of the box.                                                   │
│   Because of this you need to explicitly add the GFM plugin in the addon-docs options:                                                         │
│   https://storybook.js.org/docs/react/writing-docs/mdx#lack-of-github-flavored-markdown-gfm                                                    │
│                                                                                                                                                │
│   We recommend you follow the guide on the link above, however we can add a temporary storybook addon that helps make this migration easier.   │
│   We'll install the addon and add it to your storybook config.                                                                                 │
│                                                                                                                                                │
╰────────────────────────────────────────────────────────────────────────────────────────────────────────────────────────────────────────────────╯
? Do you want to run the 'github-flavored-markdown-mdx' migration on your project? » (Y/n)√ Do you want to run the 'github-flavored-markdown-mdx' migration on your project? ... yes
✅ Adding "@storybook/addon-mdx-gfm" addon
✅ ran github-flavored-markdown-mdx migration

🔎 found a 'autodocsTrue' migration:
╭ Automigration detected ────────────────────────────────────────────────────────────────────────────╮
│                                                                                                    │
│   We've changed the configuration of autodocs (previous docsPage), so now the value:               │
│     - docs.autodocs: true -- means automatically create docs for every CSF file                    │
│     - docs.autodocs: 'tag' -- means only create autodocs for CSF files with the 'autodocs' tag     │
│     - docs.autodocs: false -- means never create autodocs                                          │
│                                                                                                    │
│   Based on your prior configuration,  we can set the `docs.autodocs` to keep your old behaviour:   │
│                                                                                                    │
│   docs: { autodocs: true }                                                                         │
│                                                                                                    │
│   More info: https://github.com/storybookjs/storybook/blob/next/MIGRATION.md#autodocs-changes      │
│                                                                                                    │
╰────────────────────────────────────────────────────────────────────────────────────────────────────╯
? Do you want to run the 'autodocsTrue' migration on your project? » (Y/n)√ Do you want to run the 'autodocsTrue' migration on your project? ... yes
✅ Setting 'docs.autodocs' to true in main.js
✅ ran autodocsTrue migration

🔎 found a 'addReact' migration:
╭ Automigration detected ─────────────────────────────────────────────────────────────────────────────────────────╮
│                                                                                                                 │
│   We've detected that you're using @storybook/addon-essentials.                                                 │
│                                                                                                                 │
│   Starting in Storybook 7, we now require these peer dependencies to render docs:                               │
│                                                                                                                 │
│   - react                                                                                                       │
│   - react-dom                                                                                                   │
│                                                                                                                 │
│   We can add these for you automatically as dev dependencies.                                                   │
│                                                                                                                 │
│   More info: https://github.com/storybookjs/storybook/blob/next/MIGRATION.md#react-peer-dependencies-required   │
│                                                                                                                 │
╰─────────────────────────────────────────────────────────────────────────────────────────────────────────────────╯
? Do you want to run the 'addReact' migration on your project? » (Y/n)√ Do you want to run the 'addReact' migration on your project? ... yes
✅ ran addReact migration

🔎 found a 'angular-builders' migration:
╭ Automigration detected ──────────────────────────────────────────────────────────────────────────────────────────────────────────────────────────────────────────────────────────────────╮
│                                                                                                                                                                                          │
│   We have detected that your project does not use the Storybook Angular builder yet. In Storybook 6.4 we have deprecated calling Storybook directly (npm run storybook) for Angular.     │
│   In Storybook 7.0, we've removed it entirely.                                                                                                                                           │
│                                                                                                                                                                                          │
│   In order to use the Storybook Angular builder, we need to add a few entries to your angular.json file. Additionally, we will add the @compodoc/compodoc package to your                │
│   devDependencies if you want and we will add a few scripts to your package.json file.                                                                                                   │
│                                                                                                                                                                                          │
│   Also feel free to remove the Compodoc script from your package.json file if you don't use it apart from Storybook anymore. Storybook uses Compodoc internally and you don't have to    │
│   call in separately anymore.                                                                                                                                                            │
│                                                                                                                                                                                          │
│   Read more about the Angular builder here: https://storybook.js.org/docs/angular/configure/storybook-builders                                                                           │
│                                                                                                                                                                                          │
╰──────────────────────────────────────────────────────────────────────────────────────────────────────────────────────────────────────────────────────────────────────────────────────────╯
? Do you want to run the 'angular-builders' migration on your project? » (Y/n)√ Do you want to run the 'angular-builders' migration on your project? ... yes
? Have you set up compodoc in Storybook previously? » (y/N)√ Have you set up compodoc in Storybook previously? ... yes
✅ ran angular-builders migration

╭ Migration check ran with failures ────────────────────────────────────────────────────────────────────────────────────────────────────────────────────────────╮
│                                                                                                                                                               │
│   Successful migrations:                                                                                                                                      │
│                                                                                                                                                               │
│   storybook-binary, sb-scripts, new-frameworks, mdx1to2, github-flavored-markdown-mdx, autodocsTrue, addReact, angular-builders                               │
│                                                                                                                                                               │
│   Failed migrations:                                                                                                                                          │
│                                                                                                                                                               │
│   eslintPlugin:                                                                                                                                               │
│   .eslintrc.json: Unexpected token / in JSON at position 1027                                                                                                 │
│                                                                                                                                                               │
│   You can find the full logs in C:\oh\once-ui\migration-storybook.log                                                                                         │
│                                                                                                                                                               │
│   ─────────────────────────────────────────────────                                                                                                           │
│                                                                                                                                                               │
│   If you'd like to run the migrations again, you can do so by running 'npx storybook@next automigrate'                                                        │
│                                                                                                                                                               │
│   The automigrations try to migrate common patterns in your project, but might not contain everything needed to migrate to the latest version of Storybook.   │
│                                                                                                                                                               │
│   Please check the changelog and migration guide for manual migrations and more information: https://storybook.js.org/migration-guides/7.0                    │
│   And reach out on Discord if you need help: https://discord.gg/storybook                                                                                     │
│                                                                                                                                                               │
│   ─────────────────────────────────────────────────                                                                                                           │
│                                                                                                                                                               │
│   You can find more information for a given dependency by running npm ls --depth=1 <package-name>                                                             │
│                                                                                                                                                               │
╰───────────────────────────────────────────────────────────────────────────────────────────────────────────────────────────────────────────────────────────────╯

